d:\pan\unity4d\unity4d\dnet\trunk\d.net.compiler\debug\vc140.pdb
d:\pan\unity4d\unity4d\dnet\trunk\d.net.compiler\debug\modemit.obj
d:\pan\unity4d\unity4d\dnet\trunk\d.net.compiler\debug\link.obj
d:\pan\unity4d\unity4d\dnet\trunk\d.net.compiler\debug\library.obj
d:\pan\unity4d\unity4d\dnet\trunk\d.net.compiler\debug\irstatecall.obj
d:\pan\unity4d\unity4d\dnet\trunk\d.net.compiler\debug\irstate.obj
d:\pan\unity4d\unity4d\dnet\trunk\d.net.compiler\debug\indentable.obj
d:\pan\unity4d\unity4d\dnet\trunk\d.net.compiler\debug\hiddenmethod.obj
d:\pan\unity4d\unity4d\dnet\trunk\d.net.compiler\debug\elem.obj
d:\pan\unity4d\unity4d\dnet\trunk\d.net.compiler\debug\dt.obj
d:\pan\unity4d\unity4d\dnet\trunk\d.net.compiler\debug\decl.obj
d:\pan\unity4d\unity4d\dnet\trunk\d.net.compiler\debug\cv.obj
d:\pan\unity4d\unity4d\dnet\trunk\d.net.compiler\debug\block.obj
d:\pan\unity4d\unity4d\dnet\trunk\d.net.compiler\debug\backend.obj
d:\pan\unity4d\unity4d\dnet\trunk\d.net.compiler\debug\asm.obj
d:\pan\unity4d\unity4d\dnet\trunk\d.net.compiler\debug\attrib.obj
d:\pan\unity4d\unity4d\dnet\trunk\d.net.compiler\debug\async.obj
d:\pan\unity4d\unity4d\dnet\trunk\d.net.compiler\debug\arrayop.obj
d:\pan\unity4d\unity4d\dnet\trunk\d.net.compiler\debug\array.obj
d:\pan\unity4d\unity4d\dnet\trunk\d.net.compiler\debug\aliasthis.obj
d:\pan\unity4d\unity4d\dnet\trunk\d.net.compiler\debug\access.obj
d:\pan\unity4d\unity4d\dnet\trunk\d.net.compiler\debug\varargs.obj
d:\pan\unity4d\unity4d\dnet\trunk\d.net.compiler\debug\types.obj
d:\pan\unity4d\unity4d\dnet\trunk\d.net.compiler\debug\typedef.obj
d:\pan\unity4d\unity4d\dnet\trunk\d.net.compiler\debug\structemit.obj
d:\pan\unity4d\unity4d\dnet\trunk\d.net.compiler\debug\slice.obj
d:\pan\unity4d\unity4d\dnet\trunk\d.net.compiler\debug\member.obj
d:\pan\unity4d\unity4d\dnet\trunk\d.net.compiler\debug\label.obj
d:\pan\unity4d\unity4d\dnet\trunk\d.net.compiler\debug\instruction.obj
d:\pan\unity4d\unity4d\dnet\trunk\d.net.compiler\debug\except.obj
d:\pan\unity4d\unity4d\dnet\trunk\d.net.compiler\debug\enumemit.obj
d:\pan\unity4d\unity4d\dnet\trunk\d.net.compiler\debug\deref.obj
d:\pan\unity4d\unity4d\dnet\trunk\d.net.compiler\debug\delegatetype.obj
d:\pan\unity4d\unity4d\dnet\trunk\d.net.compiler\debug\const.obj
d:\pan\unity4d\unity4d\dnet\trunk\d.net.compiler\debug\classemit.obj
d:\pan\unity4d\unity4d\dnet\trunk\d.net.compiler\debug\assocarrayutil.obj
d:\pan\unity4d\unity4d\dnet\trunk\d.net.compiler\debug\assocarray.obj
d:\pan\unity4d\unity4d\dnet\trunk\d.net.compiler\debug\assembly.obj
d:\pan\unity4d\unity4d\dnet\trunk\d.net.compiler\debug\arraytype.obj
d:\pan\unity4d\unity4d\dnet\trunk\d.net.compiler\debug\arraylen.obj
d:\pan\unity4d\unity4d\dnet\trunk\d.net.compiler\debug\aggr.obj
d:\pan\unity4d\unity4d\dnet\trunk\d.net.compiler\debug\enum.obj
d:\pan\unity4d\unity4d\dnet\trunk\d.net.compiler\debug\entity.obj
d:\pan\unity4d\unity4d\dnet\trunk\d.net.compiler\debug\dump.obj
d:\pan\unity4d\unity4d\dnet\trunk\d.net.compiler\debug\dsymbol.obj
d:\pan\unity4d\unity4d\dnet\trunk\d.net.compiler\debug\doc.obj
d:\pan\unity4d\unity4d\dnet\trunk\d.net.compiler\debug\delegatize.obj
d:\pan\unity4d\unity4d\dnet\trunk\d.net.compiler\debug\declaration.obj
d:\pan\unity4d\unity4d\dnet\trunk\d.net.compiler\debug\dchar.obj
d:\pan\unity4d\unity4d\dnet\trunk\d.net.compiler\debug\constfold.obj
d:\pan\unity4d\unity4d\dnet\trunk\d.net.compiler\debug\cond.obj
d:\pan\unity4d\unity4d\dnet\trunk\d.net.compiler\debug\clone.obj
d:\pan\unity4d\unity4d\dnet\trunk\d.net.compiler\debug\class.obj
d:\pan\unity4d\unity4d\dnet\trunk\d.net.compiler\debug\cast.obj
d:\pan\unity4d\unity4d\dnet\trunk\d.net.compiler\debug\builtin.obj
d:\pan\unity4d\unity4d\dnet\trunk\d.net.compiler\debug\type.obj
d:\pan\unity4d\unity4d\dnet\trunk\d.net.compiler\debug\toir.obj
d:\pan\unity4d\unity4d\dnet\trunk\d.net.compiler\debug\symbol.obj
d:\pan\unity4d\unity4d\dnet\trunk\d.net.compiler\debug\partialresult.obj
d:\pan\unity4d\unity4d\dnet\trunk\d.net.compiler\debug\objfile.obj
d:\pan\unity4d\unity4d\dnet\trunk\d.net.compiler\debug\variable.obj
d:\pan\unity4d\unity4d\dnet\trunk\d.net.compiler\debug\module.obj
d:\pan\unity4d\unity4d\dnet\trunk\d.net.compiler\debug\mem.obj
d:\pan\unity4d\unity4d\dnet\trunk\d.net.compiler\debug\mars.obj
d:\pan\unity4d\unity4d\dnet\trunk\d.net.compiler\debug\mangle.obj
d:\pan\unity4d\unity4d\dnet\trunk\d.net.compiler\debug\man.obj
d:\pan\unity4d\unity4d\dnet\trunk\d.net.compiler\debug\macro.obj
d:\pan\unity4d\unity4d\dnet\trunk\d.net.compiler\debug\lstring.obj
d:\pan\unity4d\unity4d\dnet\trunk\d.net.compiler\debug\lexer.obj
d:\pan\unity4d\unity4d\dnet\trunk\d.net.compiler\debug\interpret.obj
d:\pan\unity4d\unity4d\dnet\trunk\d.net.compiler\debug\inline.obj
d:\pan\unity4d\unity4d\dnet\trunk\d.net.compiler\debug\init.obj
d:\pan\unity4d\unity4d\dnet\trunk\d.net.compiler\debug\import.obj
d:\pan\unity4d\unity4d\dnet\trunk\d.net.compiler\debug\identifier.obj
d:\pan\unity4d\unity4d\dnet\trunk\d.net.compiler\debug\html.obj
d:\pan\unity4d\unity4d\dnet\trunk\d.net.compiler\debug\hdrgen.obj
d:\pan\unity4d\unity4d\dnet\trunk\d.net.compiler\debug\funcvargs.obj
d:\pan\unity4d\unity4d\dnet\trunk\d.net.compiler\debug\func.obj
d:\pan\unity4d\unity4d\dnet\trunk\d.net.compiler\debug\pragma.obj
d:\pan\unity4d\unity4d\dnet\trunk\d.net.compiler\debug\externassembly.obj
d:\pan\unity4d\unity4d\dnet\trunk\d.net.compiler\debug\expression.obj
d:\pan\unity4d\unity4d\dnet\trunk\d.net.compiler\debug\impcnvtab.obj
d:\pan\unity4d\unity4d\dnet\trunk\d.net.compiler\debug\id.obj
d:\pan\unity4d\unity4d\dnet\trunk\d.net.compiler\debug\version.obj
d:\pan\unity4d\unity4d\dnet\trunk\d.net.compiler\debug\utf.obj
d:\pan\unity4d\unity4d\dnet\trunk\d.net.compiler\debug\unialpha.obj
d:\pan\unity4d\unity4d\dnet\trunk\d.net.compiler\debug\typinf.obj
d:\pan\unity4d\unity4d\dnet\trunk\d.net.compiler\debug\traits.obj
d:\pan\unity4d\unity4d\dnet\trunk\d.net.compiler\debug\template.obj
d:\pan\unity4d\unity4d\dnet\trunk\d.net.compiler\debug\struct.obj
d:\pan\unity4d\unity4d\dnet\trunk\d.net.compiler\debug\stringtable.obj
d:\pan\unity4d\unity4d\dnet\trunk\d.net.compiler\debug\staticassert.obj
d:\pan\unity4d\unity4d\dnet\trunk\d.net.compiler\debug\statement.obj
d:\pan\unity4d\unity4d\dnet\trunk\d.net.compiler\debug\scope.obj
d:\pan\unity4d\unity4d\dnet\trunk\d.net.compiler\debug\root.obj
d:\pan\unity4d\unity4d\dnet\trunk\d.net.compiler\debug\response.obj
d:\pan\unity4d\unity4d\dnet\trunk\d.net.compiler\debug\port.obj
d:\pan\unity4d\unity4d\dnet\trunk\d.net.compiler\debug\parse.obj
d:\pan\unity4d\unity4d\dnet\trunk\d.net.compiler\debug\optimize.obj
d:\pan\unity4d\unity4d\dnet\trunk\d.net.compiler\debug\opover.obj
d:\pan\unity4d\unity4d\dnet\trunk\d.net.compiler\debug\mtype.obj
d:\pan\unity4d\unity4d\dnet\trunk\d.net.compiler\debug\expr1.obj
d:\pan\unity4d\unity4d\dnet\trunk\d.net.compiler\debug\inifile.obj
d:\pan\unity4d\unity4d\dnet\trunk\d.net.compiler\dnetlib.dll
d:\pan\unity4d\unity4d\dnet\debug\dnet.ilk
d:\pan\unity4d\unity4d\dnet\debug\dnet.exe
d:\pan\unity4d\unity4d\dnet\debug\dnet.pdb
d:\pan\unity4d\unity4d\dnet\trunk\d.net.compiler\debug\dnet.tlog\cl.command.1.tlog
d:\pan\unity4d\unity4d\dnet\trunk\d.net.compiler\debug\dnet.tlog\cl.read.1.tlog
d:\pan\unity4d\unity4d\dnet\trunk\d.net.compiler\debug\dnet.tlog\cl.write.1.tlog
d:\pan\unity4d\unity4d\dnet\trunk\d.net.compiler\debug\dnet.tlog\custombuild.command.1.tlog
d:\pan\unity4d\unity4d\dnet\trunk\d.net.compiler\debug\dnet.tlog\custombuild.read.1.tlog
d:\pan\unity4d\unity4d\dnet\trunk\d.net.compiler\debug\dnet.tlog\custombuild.write.1.tlog
d:\pan\unity4d\unity4d\dnet\trunk\d.net.compiler\debug\dnet.tlog\link.command.1.tlog
d:\pan\unity4d\unity4d\dnet\trunk\d.net.compiler\debug\dnet.tlog\link.read.1.tlog
d:\pan\unity4d\unity4d\dnet\trunk\d.net.compiler\debug\dnet.tlog\link.write.1.tlog
